
[com.danielsh.alfred.alleyoop: Mount Network Share failed with error: 'download_url' (2013-04-13-20:22:03)]
[com.danielsh.alfred.alleyoop: Top Processes failed to load remote JSON. (2013-04-13-20:22:04)]
[com.danielsh.alfred.alleyoop: Alleyoop failed with error: 'download_url' (2013-04-13-20:22:05)]
[com.danielsh.alfred.alleyoop: Mount Network Share failed with error: 'download_url' (2013-04-13-20:22:15)]
[com.danielsh.alfred.alleyoop: Mount Network Share failed with error: 'download_url' (2013-04-13-20:22:16)]
[com.danielsh.alfred.alleyoop: Top Processes failed to load remote JSON. (2013-04-13-20:22:16)]
[com.danielsh.alfred.alleyoop: Alleyoop failed with error: 'download_url' (2013-04-13-20:22:16)]
[com.danielsh.alfred.alleyoop: Top Processes failed to load remote JSON. (2013-04-13-20:22:17)]
[com.danielsh.alfred.alleyoop: Alleyoop failed with error: 'download_url' (2013-04-13-20:22:17)]
[com.danielsh.alfred.alleyoop: Mount Network Share failed with error: 'download_url' (2013-04-13-20:22:18)]
[com.danielsh.alfred.alleyoop: Top Processes failed to load remote JSON. (2013-04-13-20:22:19)]
[com.danielsh.alfred.alleyoop: Alleyoop failed with error: 'download_url' (2013-04-13-20:22:19)]
[com.danielsh.alfred.alleyoop: Mount Network Share failed with error: 'download_url' (2013-06-06-21:57:23)]
[com.danielsh.alfred.alleyoop: Top Processes failed to load remote JSON. (2013-06-06-21:57:23)]
[com.danielsh.alfred.alleyoop: Mount Network Share failed with error: 'download_url' (2014-09-13-08:17:07)]
[com.danielsh.alfred.alleyoop: Alleyoop failed to load remote JSON. (2014-09-13-08:17:08)]
[com.danielsh.alfred.alleyoop: DownVid failed to load remote JSON. (2014-09-13-08:17:09)]
[com.danielsh.alfred.alleyoop: Top Processes failed with error: 'download_url' (2014-09-13-08:17:11)]
[com.danielsh.alfred.alleyoop: Mount Network Share failed with error: 'download_url' (2014-09-13-08:17:27)]
[com.danielsh.alfred.alleyoop: Alleyoop failed to load remote JSON. (2014-09-13-08:17:28)]
[com.danielsh.alfred.alleyoop: Mount Network Share failed with error: 'download_url' (2014-09-13-08:17:28)]
[com.danielsh.alfred.alleyoop: DownVid failed to load remote JSON. (2014-09-13-08:17:28)]
[com.danielsh.alfred.alleyoop: Alleyoop failed to load remote JSON. (2014-09-13-08:17:29)]
[com.danielsh.alfred.alleyoop: DownVid failed to load remote JSON. (2014-09-13-08:17:29)]
[com.danielsh.alfred.alleyoop: Top Processes failed with error: 'download_url' (2014-09-13-08:17:30)]
[com.danielsh.alfred.alleyoop: Top Processes failed with error: 'download_url' (2014-09-13-08:17:30)]
[com.danielsh.alfred.alleyoop: Mount Network Share failed with error: 'download_url' (2014-09-13-08:18:25)]
[com.danielsh.alfred.alleyoop: Alleyoop failed to load remote JSON. (2014-09-13-08:18:26)]
[com.danielsh.alfred.alleyoop: DownVid failed to load remote JSON. (2014-09-13-08:18:26)]
[com.danielsh.alfred.alleyoop: Top Processes failed with error: 'download_url' (2014-09-13-08:18:28)]
[com.danielsh.alfred.alleyoop: Mount Network Share failed with error: 'download_url' (2014-09-15-07:46:19)]
[com.danielsh.alfred.alleyoop: Mount Network Share failed with error: 'download_url' (2014-09-15-07:46:20)]
[com.danielsh.alfred.alleyoop: Alleyoop failed to load remote JSON. (2014-09-15-07:46:21)]
[com.danielsh.alfred.alleyoop: Alleyoop failed to load remote JSON. (2014-09-15-07:46:21)]
[com.danielsh.alfred.alleyoop: DownVid failed to load remote JSON. (2014-09-15-07:46:21)]
[com.danielsh.alfred.alleyoop: DownVid failed to load remote JSON. (2014-09-15-07:46:21)]
[com.danielsh.alfred.alleyoop: Top Processes failed with error: 'download_url' (2014-09-15-07:46:23)]
[com.danielsh.alfred.alleyoop: Top Processes failed with error: 'download_url' (2014-09-15-07:46:23)]
